# JRE version: Java(TM) SE Runtime Environment 18.9 (11.0.13+10) (build 11.0.13+10-LTS-370)
# Java VM: Java HotSpot(TM) 64-Bit Server VM 18.9 (11.0.13+10-LTS-370, mixed mode, tiered, compressed oops, g1 gc, windows-amd64)
Heap:
 garbage-first heap   total 378880K, used 193331K [0x0000000701a00000, 0x0000000800000000)
  region size 1024K, 152 young (155648K), 2 survivors (2048K)
 Metaspace       used 86415K, capacity 88638K, committed 88780K, reserved 1126400K
  class space    used 10962K, capacity 11870K, committed 11980K, reserved 1048576K
GC Heap History (10 events):
Event: 50700.495 GC heap before
{Heap before GC invocations=91 (full 0):
 garbage-first heap   total 378880K, used 266053K [0x0000000701a00000, 0x0000000800000000)
  region size 1024K, 222 young (227328K), 2 survivors (2048K)
 Metaspace       used 85640K, capacity 87879K, committed 88140K, reserved 1126400K
  class space    used 10904K, capacity 11793K, committed 11852K, reserved 1048576K
}
Event: 50700.496 GC heap after
{Heap after GC invocations=92 (full 0):
 garbage-first heap   total 378880K, used 40582K [0x0000000701a00000, 0x0000000800000000)
  region size 1024K, 2 young (2048K), 2 survivors (2048K)
 Metaspace       used 85640K, capacity 87879K, committed 88140K, reserved 1126400K
  class space    used 10904K, capacity 11793K, committed 11852K, reserved 1048576K
}
Event: 50838.178 GC heap before
{Heap before GC invocations=92 (full 0):
 garbage-first heap   total 378880K, used 265862K [0x0000000701a00000, 0x0000000800000000)
  region size 1024K, 222 young (227328K), 2 survivors (2048K)
 Metaspace       used 85644K, capacity 87879K, committed 88140K, reserved 1126400K
  class space    used 10905K, capacity 11793K, committed 11852K, reserved 1048576K
}
Event: 50838.180 GC heap after
{Heap after GC invocations=93 (full 0):
 garbage-first heap   total 378880K, used 40682K [0x0000000701a00000, 0x0000000800000000)
  region size 1024K, 2 young (2048K), 2 survivors (2048K)
 Metaspace       used 85644K, capacity 87879K, committed 88140K, reserved 1126400K
  class space    used 10905K, capacity 11793K, committed 11852K, reserved 1048576K
}
Event: 50976.683 GC heap before
{Heap before GC invocations=93 (full 0):
 garbage-first heap   total 378880K, used 265962K [0x0000000701a00000, 0x0000000800000000)
  region size 1024K, 222 young (227328K), 2 survivors (2048K)
 Metaspace       used 85647K, capacity 87879K, committed 88140K, reserved 1126400K
  class space    used 10905K, capacity 11793K, committed 11852K, reserved 1048576K
}
Event: 50976.684 GC heap after
{Heap after GC invocations=94 (full 0):
 garbage-first heap   total 378880K, used 40752K [0x0000000701a00000, 0x0000000800000000)
  region size 1024K, 2 young (2048K), 2 survivors (2048K)
 Metaspace       used 85647K, capacity 87879K, committed 88140K, reserved 1126400K
  class space    used 10905K, capacity 11793K, committed 11852K, reserved 1048576K
}
Event: 51118.345 GC heap before
{Heap before GC invocations=94 (full 0):
 garbage-first heap   total 378880K, used 266032K [0x0000000701a00000, 0x0000000800000000)
  region size 1024K, 222 young (227328K), 2 survivors (2048K)
 Metaspace       used 85647K, capacity 87879K, committed 88140K, reserved 1126400K
  class space    used 10905K, capacity 11793K, committed 11852K, reserved 1048576K
}
Event: 51118.346 GC heap after
{Heap after GC invocations=95 (full 0):
 garbage-first heap   total 378880K, used 40302K [0x0000000701a00000, 0x0000000800000000)
  region size 1024K, 2 young (2048K), 2 survivors (2048K)
 Metaspace       used 85647K, capacity 87879K, committed 88140K, reserved 1126400K
  class space    used 10905K, capacity 11793K, committed 11852K, reserved 1048576K
}
Event: 51257.593 GC heap before
{Heap before GC invocations=95 (full 0):
 garbage-first heap   total 378880K, used 265582K [0x0000000701a00000, 0x0000000800000000)
  region size 1024K, 222 young (227328K), 2 survivors (2048K)
 Metaspace       used 85723K, capacity 87951K, committed 88140K, reserved 1126400K
  class space    used 10907K, capacity 11795K, committed 11852K, reserved 1048576K
}
Event: 51257.597 GC heap after
{Heap after GC invocations=96 (full 0):
 garbage-first heap   total 378880K, used 40755K [0x0000000701a00000, 0x0000000800000000)
  region size 1024K, 2 young (2048K), 2 survivors (2048K)
 Metaspace       used 85723K, capacity 87951K, committed 88140K, reserved 1126400K
  class space    used 10907K, capacity 11795K, committed 11852K, reserved 1048576K
}

